nohup: ignoring input

> react_repo@0.0.0 dev /workspace/wood-ceylon
> pnpm install --prefer-offline && vite

Lockfile is up to date, resolution step is skipped
Already up to date

╭ Warning ─────────────────────────────────────────────────────────────────────╮
│                                                                              │
│   Ignored build scripts: core-js, esbuild.                                   │
│   Run "pnpm approve-builds" to pick which dependencies should be allowed     │
│   to run scripts.                                                            │
│                                                                              │
╰──────────────────────────────────────────────────────────────────────────────╯

Done in 1.3s using pnpm v10.12.4

  [32m[1mVITE[22m v6.4.1[39m  [2mready in [0m[1m495[22m[2m[0m ms[22m

  [32m➜[39m  [1mLocal[22m:   [36mhttp://localhost:[1m5173[22m/[39m
[2m  [32m➜[39m  [1mNetwork[22m[2m: use [22m[1m--host[22m[2m to expose[22m
[2m5:22:16 PM[22m [36m[1m[vite][22m[39m [90m[2m(client)[22m[39m [32mhmr update [39m[2m/src/pages/Orders.tsx, /src/index.css[22m
[2m5:22:28 PM[22m [36m[1m[vite][22m[39m [90m[2m(client)[22m[39m [32mhmr update [39m[2m/src/pages/Orders.tsx, /src/index.css[22m
[2m5:22:35 PM[22m [36m[1m[vite][22m[39m [90m[2m(client)[22m[39m [32mhmr update [39m[2m/src/pages/Orders.tsx, /src/index.css[22m
[2m5:22:45 PM[22m [36m[1m[vite][22m[39m [90m[2m(client)[22m[39m [32mhmr update [39m[2m/src/pages/Orders.tsx, /src/index.css[22m
[2m5:22:45 PM[22m [31m[1m[vite][22m[39m [31mInternal server error: /workspace/wood-ceylon/src/pages/Orders.tsx: Adjacent JSX elements must be wrapped in an enclosing tag. Did you want a JSX fragment <>...</>? (914:4)

[0m [90m 912 |[31m         [33m<[31m[33m/[31m[33mdiv[31m[33m>[31m
 [90m 913 |[31m       [33m<[31m[33m/[31m[33mdiv[31m[33m>[31m
[31m[1m>[22m[31m[90m 914 |[31m     [33m<[31m[33m/[31m[33mdiv[31m[33m>[31m
 [90m     |[31m     [31m[1m^[22m[31m
 [90m 915 |[31m   )[33m;[31m
 [90m 916 |[31m }
 [90m 917 |[31m[0m[39m
  Plugin: [35mvite:react-babel[39m
  File: [36m/workspace/wood-ceylon/src/pages/Orders.tsx[39m:914:4
[33m  912|          </div>
  913|        </div>
  914|      </div>
     |      ^
  915|    );
  916|  }[39m
      at constructor (/tmp/wood-ceylon/.pnpm/@babel+parser@7.28.5/node_modules/@babel/parser/lib/index.js:367:19)
      at TypeScriptParserMixin.raise (/tmp/wood-ceylon/.pnpm/@babel+parser@7.28.5/node_modules/@babel/parser/lib/index.js:6624:19)
      at TypeScriptParserMixin.jsxParseElementAt (/tmp/wood-ceylon/.pnpm/@babel+parser@7.28.5/node_modules/@babel/parser/lib/index.js:4771:18)
      at TypeScriptParserMixin.jsxParseElement (/tmp/wood-ceylon/.pnpm/@babel+parser@7.28.5/node_modules/@babel/parser/lib/index.js:4778:17)
      at TypeScriptParserMixin.parseExprAtom (/tmp/wood-ceylon/.pnpm/@babel+parser@7.28.5/node_modules/@babel/parser/lib/index.js:4788:19)
      at TypeScriptParserMixin.parseExprSubscripts (/tmp/wood-ceylon/.pnpm/@babel+parser@7.28.5/node_modules/@babel/parser/lib/index.js:11145:23)
      at TypeScriptParserMixin.parseUpdate (/tmp/wood-ceylon/.pnpm/@babel+parser@7.28.5/node_modules/@babel/parser/lib/index.js:11130:21)
      at TypeScriptParserMixin.parseMaybeUnary (/tmp/wood-ceylon/.pnpm/@babel+parser@7.28.5/node_modules/@babel/parser/lib/index.js:11110:23)
      at TypeScriptParserMixin.parseMaybeUnary (/tmp/wood-ceylon/.pnpm/@babel+parser@7.28.5/node_modules/@babel/parser/lib/index.js:9890:18)
      at TypeScriptParserMixin.parseMaybeUnaryOrPrivate (/tmp/wood-ceylon/.pnpm/@babel+parser@7.28.5/node_modules/@babel/parser/lib/index.js:10963:61)
      at TypeScriptParserMixin.parseExprOps (/tmp/wood-ceylon/.pnpm/@babel+parser@7.28.5/node_modules/@babel/parser/lib/index.js:10968:23)
      at TypeScriptParserMixin.parseMaybeConditional (/tmp/wood-ceylon/.pnpm/@babel+parser@7.28.5/node_modules/@babel/parser/lib/index.js:10945:23)
      at TypeScriptParserMixin.parseMaybeAssign (/tmp/wood-ceylon/.pnpm/@babel+parser@7.28.5/node_modules/@babel/parser/lib/index.js:10895:21)
      at /tmp/wood-ceylon/.pnpm/@babel+parser@7.28.5/node_modules/@babel/parser/lib/index.js:9828:39
      at TypeScriptParserMixin.tryParse (/tmp/wood-ceylon/.pnpm/@babel+parser@7.28.5/node_modules/@babel/parser/lib/index.js:6932:20)
      at TypeScriptParserMixin.parseMaybeAssign (/tmp/wood-ceylon/.pnpm/@babel+parser@7.28.5/node_modules/@babel/parser/lib/index.js:9828:18)
      at /tmp/wood-ceylon/.pnpm/@babel+parser@7.28.5/node_modules/@babel/parser/lib/index.js:10864:39
      at TypeScriptParserMixin.allowInAnd (/tmp/wood-ceylon/.pnpm/@babel+parser@7.28.5/node_modules/@babel/parser/lib/index.js:12500:12)
      at TypeScriptParserMixin.parseMaybeAssignAllowIn (/tmp/wood-ceylon/.pnpm/@babel+parser@7.28.5/node_modules/@babel/parser/lib/index.js:10864:17)
      at TypeScriptParserMixin.parseMaybeAssignAllowInOrVoidPattern (/tmp/wood-ceylon/.pnpm/@babel+parser@7.28.5/node_modules/@babel/parser/lib/index.js:12567:17)
      at TypeScriptParserMixin.parseParenAndDistinguishExpression (/tmp/wood-ceylon/.pnpm/@babel+parser@7.28.5/node_modules/@babel/parser/lib/index.js:11747:28)
      at TypeScriptParserMixin.parseExprAtom (/tmp/wood-ceylon/.pnpm/@babel+parser@7.28.5/node_modules/@babel/parser/lib/index.js:11395:23)
      at TypeScriptParserMixin.parseExprAtom (/tmp/wood-ceylon/.pnpm/@babel+parser@7.28.5/node_modules/@babel/parser/lib/index.js:4793:20)
      at TypeScriptParserMixin.parseExprSubscripts (/tmp/wood-ceylon/.pnpm/@babel+parser@7.28.5/node_modules/@babel/parser/lib/index.js:11145:23)
      at TypeScriptParserMixin.parseUpdate (/tmp/wood-ceylon/.pnpm/@babel+parser@7.28.5/node_modules/@babel/parser/lib/index.js:11130:21)
      at TypeScriptParserMixin.parseMaybeUnary (/tmp/wood-ceylon/.pnpm/@babel+parser@7.28.5/node_modules/@babel/parser/lib/index.js:11110:23)
      at TypeScriptParserMixin.parseMaybeUnary (/tmp/wood-ceylon/.pnpm/@babel+parser@7.28.5/node_modules/@babel/parser/lib/index.js:9890:18)
      at TypeScriptParserMixin.parseMaybeUnaryOrPrivate (/tmp/wood-ceylon/.pnpm/@babel+parser@7.28.5/node_modules/@babel/parser/lib/index.js:10963:61)
      at TypeScriptParserMixin.parseExprOps (/tmp/wood-ceylon/.pnpm/@babel+parser@7.28.5/node_modules/@babel/parser/lib/index.js:10968:23)
      at TypeScriptParserMixin.parseMaybeConditional (/tmp/wood-ceylon/.pnpm/@babel+parser@7.28.5/node_modules/@babel/parser/lib/index.js:10945:23)
      at TypeScriptParserMixin.parseMaybeAssign (/tmp/wood-ceylon/.pnpm/@babel+parser@7.28.5/node_modules/@babel/parser/lib/index.js:10895:21)
      at TypeScriptParserMixin.parseMaybeAssign (/tmp/wood-ceylon/.pnpm/@babel+parser@7.28.5/node_modules/@babel/parser/lib/index.js:9839:20)
      at TypeScriptParserMixin.parseExpressionBase (/tmp/wood-ceylon/.pnpm/@babel+parser@7.28.5/node_modules/@babel/parser/lib/index.js:10848:23)
      at /tmp/wood-ceylon/.pnpm/@babel+parser@7.28.5/node_modules/@babel/parser/lib/index.js:10844:39
      at TypeScriptParserMixin.allowInAnd (/tmp/wood-ceylon/.pnpm/@babel+parser@7.28.5/node_modules/@babel/parser/lib/index.js:12495:16)
      at TypeScriptParserMixin.parseExpression (/tmp/wood-ceylon/.pnpm/@babel+parser@7.28.5/node_modules/@babel/parser/lib/index.js:10844:17)
      at TypeScriptParserMixin.parseReturnStatement (/tmp/wood-ceylon/.pnpm/@babel+parser@7.28.5/node_modules/@babel/parser/lib/index.js:13218:28)
      at TypeScriptParserMixin.parseStatementContent (/tmp/wood-ceylon/.pnpm/@babel+parser@7.28.5/node_modules/@babel/parser/lib/index.js:12874:21)
      at TypeScriptParserMixin.parseStatementContent (/tmp/wood-ceylon/.pnpm/@babel+parser@7.28.5/node_modules/@babel/parser/lib/index.js:9569:18)
      at TypeScriptParserMixin.parseStatementLike (/tmp/wood-ceylon/.pnpm/@babel+parser@7.28.5/node_modules/@babel/parser/lib/index.js:12843:17)
      at TypeScriptParserMixin.parseStatementListItem (/tmp/wood-ceylon/.pnpm/@babel+parser@7.28.5/node_modules/@babel/parser/lib/index.js:12823:17)
      at TypeScriptParserMixin.parseBlockOrModuleBlockBody (/tmp/wood-ceylon/.pnpm/@babel+parser@7.28.5/node_modules/@babel/parser/lib/index.js:13392:61)
      at TypeScriptParserMixin.parseBlockBody (/tmp/wood-ceylon/.pnpm/@babel+parser@7.28.5/node_modules/@babel/parser/lib/index.js:13385:10)
      at TypeScriptParserMixin.parseBlock (/tmp/wood-ceylon/.pnpm/@babel+parser@7.28.5/node_modules/@babel/parser/lib/index.js:13373:10)
      at TypeScriptParserMixin.parseFunctionBody (/tmp/wood-ceylon/.pnpm/@babel+parser@7.28.5/node_modules/@babel/parser/lib/index.js:12174:24)
      at TypeScriptParserMixin.parseFunctionBodyAndFinish (/tmp/wood-ceylon/.pnpm/@babel+parser@7.28.5/node_modules/@babel/parser/lib/index.js:12160:10)
      at TypeScriptParserMixin.parseFunctionBodyAndFinish (/tmp/wood-ceylon/.pnpm/@babel+parser@7.28.5/node_modules/@babel/parser/lib/index.js:9223:18)
      at /tmp/wood-ceylon/.pnpm/@babel+parser@7.28.5/node_modules/@babel/parser/lib/index.js:13521:12
      at TypeScriptParserMixin.withSmartMixTopicForbiddingContext (/tmp/wood-ceylon/.pnpm/@babel+parser@7.28.5/node_modules/@babel/parser/lib/index.js:12477:14)
      at TypeScriptParserMixin.parseFunction (/tmp/wood-ceylon/.pnpm/@babel+parser@7.28.5/node_modules/@babel/parser/lib/index.js:13520:10)
[2m5:23:07 PM[22m [36m[1m[vite][22m[39m [90m[2m(client)[22m[39m [32mhmr update [39m[2m/src/pages/Orders.tsx, /src/index.css[22m
[2m5:37:31 PM[22m [36m[1m[vite][22m[39m [90m[2m(client)[22m[39m [32mhmr update [39m[2m/src/pages/Dashboard.tsx, /src/index.css[22m
[2m5:37:56 PM[22m [36m[1m[vite][22m[39m [90m[2m(client)[22m[39m [32mhmr update [39m[2m/src/pages/Transactions.tsx, /src/index.css[22m
[2m5:38:00 PM[22m [36m[1m[vite][22m[39m [90m[2m(client)[22m[39m [32mhmr update [39m[2m/src/pages/Transactions.tsx, /src/index.css[22m
[2m5:38:04 PM[22m [36m[1m[vite][22m[39m [90m[2m(client)[22m[39m [32mhmr update [39m[2m/src/pages/Transactions.tsx, /src/index.css[22m
[2m5:38:17 PM[22m [36m[1m[vite][22m[39m [90m[2m(client)[22m[39m [32mhmr update [39m[2m/src/pages/Orders.tsx, /src/index.css[22m
[2m5:38:26 PM[22m [36m[1m[vite][22m[39m [90m[2m(client)[22m[39m [32mhmr update [39m[2m/src/pages/Transactions.tsx, /src/index.css[22m
[2m5:38:30 PM[22m [36m[1m[vite][22m[39m [90m[2m(client)[22m[39m [32mhmr update [39m[2m/src/pages/Transactions.tsx, /src/index.css[22m
 ELIFECYCLE  Command failed.
[2m5:47:33 PM[22m [36m[1m[vite][22m[39m [90m[2m(client)[22m[39m [32mhmr update [39m[2m/src/pages/Orders.tsx, /src/index.css[22m
[2m6:00:01 PM[22m [36m[1m[vite][22m[39m [90m[2m(client)[22m[39m [32mhmr update [39m[2m/src/pages/Orders.tsx, /src/index.css[22m
[2m6:00:13 PM[22m [36m[1m[vite][22m[39m [90m[2m(client)[22m[39m [32mhmr update [39m[2m/src/pages/Orders.tsx, /src/index.css[22m
[2m6:00:15 PM[22m [36m[1m[vite][22m[39m [90m[2m(client)[22m[39m [32mhmr update [39m[2m/src/pages/Dashboard.tsx, /src/index.css[22m
[2m6:00:20 PM[22m [36m[1m[vite][22m[39m [90m[2m(client)[22m[39m [32mhmr update [39m[2m/src/pages/Orders.tsx, /src/index.css[22m
[2m6:00:27 PM[22m [36m[1m[vite][22m[39m [90m[2m(client)[22m[39m [32mhmr update [39m[2m/src/pages/Orders.tsx, /src/index.css[22m
[2m6:21:55 PM[22m [36m[1m[vite][22m[39m [90m[2m(client)[22m[39m [32mhmr update [39m[2m/src/pages/Dashboard.tsx, /src/index.css[22m
[2m6:35:16 PM[22m [36m[1m[vite][22m[39m [90m[2m(client)[22m[39m [32mhmr update [39m[2m/src/pages/Dashboard.tsx, /src/index.css[22m
[2m6:35:39 PM[22m [36m[1m[vite][22m[39m [90m[2m(client)[22m[39m [32mhmr update [39m[2m/src/pages/Customers.tsx, /src/index.css, /src/pages/Dashboard.tsx, /src/pages/Transactions.tsx, /src/pages/Quotations.tsx, /src/pages/Products.tsx, /src/pages/Inventory.tsx, /src/pages/Workers.tsx, /src/pages/Orders.tsx, /src/pages/Settings.tsx[22m
[2m6:35:44 PM[22m [36m[1m[vite][22m[39m [90m[2m(client)[22m[39m [32mhmr update [39m[2m/src/pages/Settings.tsx, /src/index.css[22m
[2m6:35:47 PM[22m [36m[1m[vite][22m[39m [90m[2m(client)[22m[39m [32mhmr update [39m[2m/src/pages/Transactions.tsx, /src/index.css[22m
[2m6:35:50 PM[22m [36m[1m[vite][22m[39m [90m[2m(client)[22m[39m [32mhmr update [39m[2m/src/pages/Settings.tsx, /src/index.css[22m
[2m6:36:02 PM[22m [36m[1m[vite][22m[39m [90m[2m(client)[22m[39m [32mhmr update [39m[2m/src/pages/Settings.tsx, /src/index.css[22m
[2m6:36:15 PM[22m [36m[1m[vite][22m[39m [90m[2m(client)[22m[39m [32mhmr update [39m[2m/src/pages/Settings.tsx, /src/index.css[22m
[2m6:36:16 PM[22m [36m[1m[vite][22m[39m [90m[2m(client)[22m[39m [32mhmr update [39m[2m/src/pages/Transactions.tsx, /src/index.css[22m
[2m6:48:31 PM[22m [36m[1m[vite][22m[39m [90m[2m(client)[22m[39m [32mhmr update [39m[2m/src/pages/Dashboard.tsx, /src/index.css[22m
[2m6:48:34 PM[22m [36m[1m[vite][22m[39m [90m[2m(client)[22m[39m [32mhmr update [39m[2m/src/pages/Dashboard.tsx, /src/index.css[22m
[2m6:48:38 PM[22m [36m[1m[vite][22m[39m [90m[2m(client)[22m[39m [32mhmr update [39m[2m/src/pages/Dashboard.tsx, /src/index.css[22m
[2m6:48:40 PM[22m [36m[1m[vite][22m[39m [90m[2m(client)[22m[39m [32mhmr update [39m[2m/src/pages/Dashboard.tsx, /src/index.css[22m
[2m6:48:45 PM[22m [36m[1m[vite][22m[39m [90m[2m(client)[22m[39m [32mhmr update [39m[2m/src/pages/Dashboard.tsx, /src/index.css[22m
[2m6:52:48 PM[22m [36m[1m[vite][22m[39m [90m[2m(client)[22m[39m [32mhmr update [39m[2m/src/pages/Transactions.tsx, /src/index.css[22m
[2m6:52:52 PM[22m [36m[1m[vite][22m[39m [90m[2m(client)[22m[39m [32mhmr update [39m[2m/src/pages/Transactions.tsx, /src/index.css[22m
[2m6:52:56 PM[22m [36m[1m[vite][22m[39m [90m[2m(client)[22m[39m [32mhmr update [39m[2m/src/pages/Transactions.tsx, /src/index.css[22m
[2m6:53:01 PM[22m [36m[1m[vite][22m[39m [90m[2m(client)[22m[39m [32mhmr update [39m[2m/src/pages/Transactions.tsx, /src/index.css[22m
[2m6:53:06 PM[22m [36m[1m[vite][22m[39m [90m[2m(client)[22m[39m [32mhmr update [39m[2m/src/pages/Transactions.tsx, /src/index.css[22m
[2m6:53:10 PM[22m [36m[1m[vite][22m[39m [90m[2m(client)[22m[39m [32mhmr update [39m[2m/src/pages/Transactions.tsx, /src/index.css[22m
[2m6:53:16 PM[22m [36m[1m[vite][22m[39m [90m[2m(client)[22m[39m [32mhmr update [39m[2m/src/pages/Transactions.tsx, /src/index.css[22m
[2m6:59:42 PM[22m [36m[1m[vite][22m[39m [90m[2m(client)[22m[39m [32mhmr update [39m[2m/src/pages/Transactions.tsx, /src/index.css[22m
[2m6:59:45 PM[22m [36m[1m[vite][22m[39m [90m[2m(client)[22m[39m [32mhmr update [39m[2m/src/pages/Transactions.tsx, /src/index.css[22m
[2m7:06:04 PM[22m [36m[1m[vite][22m[39m [90m[2m(client)[22m[39m [32mhmr update [39m[2m/src/pages/Customers.tsx, /src/index.css, /src/pages/Dashboard.tsx, /src/pages/Transactions.tsx, /src/pages/Quotations.tsx, /src/pages/Products.tsx, /src/pages/Inventory.tsx, /src/pages/Workers.tsx, /src/pages/Orders.tsx, /src/pages/Settings.tsx[22m
[2m7:09:26 PM[22m [36m[1m[vite][22m[39m [90m[2m(client)[22m[39m [32mhmr update [39m[2m/src/pages/Transactions.tsx, /src/index.css[22m
[2m7:09:37 PM[22m [36m[1m[vite][22m[39m [90m[2m(client)[22m[39m [32mhmr update [39m[2m/src/pages/Transactions.tsx, /src/index.css[22m
[2m7:11:01 PM[22m [36m[1m[vite][22m[39m [90m[2m(client)[22m[39m [32mhmr update [39m[2m/src/pages/Customers.tsx, /src/index.css, /src/pages/Dashboard.tsx, /src/pages/Transactions.tsx, /src/pages/Quotations.tsx, /src/pages/Products.tsx, /src/pages/Inventory.tsx, /src/pages/Workers.tsx, /src/pages/Orders.tsx, /src/pages/Settings.tsx[22m
[2m7:11:14 PM[22m [36m[1m[vite][22m[39m [90m[2m(client)[22m[39m [32mhmr update [39m[2m/src/pages/Transactions.tsx, /src/index.css[22m
[2m7:21:35 PM[22m [36m[1m[vite][22m[39m [90m[2m(client)[22m[39m [32mhmr update [39m[2m/src/pages/Customers.tsx, /src/index.css, /src/pages/Dashboard.tsx, /src/pages/Transactions.tsx, /src/pages/Quotations.tsx, /src/pages/Products.tsx, /src/pages/Inventory.tsx, /src/pages/Workers.tsx, /src/pages/Orders.tsx, /src/pages/Settings.tsx[22m
[2m7:21:39 PM[22m [36m[1m[vite][22m[39m [90m[2m(client)[22m[39m [32mhmr update [39m[2m/src/pages/Customers.tsx, /src/index.css, /src/pages/Dashboard.tsx, /src/pages/Transactions.tsx, /src/pages/Quotations.tsx, /src/pages/Products.tsx, /src/pages/Inventory.tsx, /src/pages/Workers.tsx, /src/pages/Orders.tsx, /src/pages/Settings.tsx[22m
[2m7:22:09 PM[22m [36m[1m[vite][22m[39m [90m[2m(client)[22m[39m [32mhmr update [39m[2m/src/pages/Orders.tsx, /src/index.css[22m
[2m7:22:20 PM[22m [36m[1m[vite][22m[39m [90m[2m(client)[22m[39m [32mhmr update [39m[2m/src/pages/Orders.tsx, /src/index.css[22m
[2m7:38:29 PM[22m [36m[1m[vite][22m[39m [90m[2m(client)[22m[39m [32mhmr update [39m[2m/src/pages/Orders.tsx, /src/index.css[22m
[2m7:38:38 PM[22m [36m[1m[vite][22m[39m [90m[2m(client)[22m[39m [32mhmr update [39m[2m/src/pages/Orders.tsx, /src/index.css[22m
[2m7:38:46 PM[22m [36m[1m[vite][22m[39m [90m[2m(client)[22m[39m [32mhmr update [39m[2m/src/pages/Orders.tsx, /src/index.css[22m
[2m7:39:05 PM[22m [36m[1m[vite][22m[39m [90m[2m(client)[22m[39m [32mhmr update [39m[2m/src/pages/Orders.tsx, /src/index.css[22m
[2m7:40:16 PM[22m [36m[1m[vite][22m[39m [90m[2m(client)[22m[39m [32mhmr update [39m[2m/src/pages/Orders.tsx, /src/index.css[22m
[2m8:19:03 PM[22m [36m[1m[vite][22m[39m [90m[2m(client)[22m[39m [32mpage reload [39m[2msrc/lib/types.ts[22m
[2m8:19:46 PM[22m [36m[1m[vite][22m[39m [90m[2m(client)[22m[39m [32mhmr update [39m[2m/src/pages/Customers.tsx, /src/index.css[22m
[2m8:20:23 PM[22m [36m[1m[vite][22m[39m [90m[2m(client)[22m[39m [32mhmr update [39m[2m/src/pages/Transactions.tsx, /src/index.css[22m
[2m9:15:19 PM[22m [36m[1m[vite][22m[39m [90m[2m(client)[22m[39m [32mhmr update [39m[2m/src/pages/Workers.tsx, /src/index.css[22m
[2m9:15:37 PM[22m [36m[1m[vite][22m[39m [90m[2m(client)[22m[39m [32mhmr update [39m[2m/src/pages/Workers.tsx, /src/index.css[22m
[2m9:16:03 PM[22m [36m[1m[vite][22m[39m [90m[2m(client)[22m[39m [32mhmr update [39m[2m/src/pages/Workers.tsx, /src/index.css[22m
[2m9:17:00 PM[22m [36m[1m[vite][22m[39m [90m[2m(client)[22m[39m [32mhmr update [39m[2m/src/pages/Workers.tsx, /src/index.css[22m
[2m9:17:50 PM[22m [36m[1m[vite][22m[39m [90m[2m(client)[22m[39m [32mhmr update [39m[2m/src/pages/Workers.tsx, /src/index.css[22m
[2m9:19:00 PM[22m [36m[1m[vite][22m[39m [90m[2m(client)[22m[39m [32mhmr update [39m[2m/src/pages/Workers.tsx, /src/index.css[22m
[2m9:19:43 PM[22m [36m[1m[vite][22m[39m [90m[2m(client)[22m[39m [32mhmr update [39m[2m/src/pages/Workers.tsx, /src/index.css[22m
[2m9:21:06 PM[22m [36m[1m[vite][22m[39m [90m[2m(client)[22m[39m [32mhmr update [39m[2m/src/pages/Workers.tsx, /src/index.css[22m
[2m9:21:15 PM[22m [36m[1m[vite][22m[39m [90m[2m(client)[22m[39m [32mhmr update [39m[2m/src/pages/Workers.tsx, /src/index.css[22m
